This is pdfTeX, Version 3.14159265-2.6-1.40.16 (TeX Live 2015) (preloaded format=pdflatex 2015.7.26)  16 MAR 2016 13:16
entering extended mode
 restricted \write18 enabled.
 %&-line parsing enabled.
**tesi.tex
(./tesi.tex
LaTeX2e <2015/01/01>
Babel <3.9l> and hyphenation patterns for 79 languages loaded.
(/usr/local/texlive/2015/texmf-dist/tex/latex/base/book.cls
Document Class: book 2014/09/29 v1.4h Standard LaTeX document class
(/usr/local/texlive/2015/texmf-dist/tex/latex/base/bk12.clo
File: bk12.clo 2014/09/29 v1.4h Standard LaTeX file (size option)
)
\c@part=\count79
\c@chapter=\count80
\c@section=\count81
\c@subsection=\count82
\c@subsubsection=\count83
\c@paragraph=\count84
\c@subparagraph=\count85
\c@figure=\count86
\c@table=\count87
\abovecaptionskip=\skip41
\belowcaptionskip=\skip42
\bibindent=\dimen102
)
(/usr/local/texlive/2015/texmf-dist/tex/latex/psnfss/helvet.sty
Package: helvet 2005/04/12 PSNFSS-v9.2a (WaS) 

(/usr/local/texlive/2015/texmf-dist/tex/latex/graphics/keyval.sty
Package: keyval 2014/10/28 v1.15 key=value parser (DPC)
\KV@toks@=\toks14
))
(/usr/local/texlive/2015/texmf-dist/tex/latex/base/inputenc.sty
Package: inputenc 2015/03/17 v1.2c Input encoding file
\inpenc@prehook=\toks15
\inpenc@posthook=\toks16

(/usr/local/texlive/2015/texmf-dist/tex/latex/ucs/utf8x.def
File: utf8x.def 2004/10/17 UCS: Input encoding UTF-8
))
(/usr/local/texlive/2015/texmf-dist/tex/latex/ucs/ucs.sty
Package: ucs 2013/05/11 v2.2 UCS: Unicode input support

(/usr/local/texlive/2015/texmf-dist/tex/latex/ucs/data/uni-global.def
File: uni-global.def 2013/05/13 UCS: Unicode global data
)
\uc@secondtry=\count88
\uc@combtoks=\toks17
\uc@combtoksb=\toks18
\uc@temptokena=\toks19
)
(/usr/local/texlive/2015/texmf-dist/tex/latex/geometry/geometry.sty
Package: geometry 2010/09/12 v5.6 Page Geometry

(/usr/local/texlive/2015/texmf-dist/tex/generic/oberdiek/ifpdf.sty
Package: ifpdf 2011/01/30 v2.3 Provides the ifpdf switch (HO)
Package ifpdf Info: pdfTeX in PDF mode is detected.
)
(/usr/local/texlive/2015/texmf-dist/tex/generic/oberdiek/ifvtex.sty
Package: ifvtex 2010/03/01 v1.5 Detect VTeX and its facilities (HO)
Package ifvtex Info: VTeX not detected.
)
(/usr/local/texlive/2015/texmf-dist/tex/generic/ifxetex/ifxetex.sty
Package: ifxetex 2010/09/12 v0.6 Provides ifxetex conditional
)
\Gm@cnth=\count89
\Gm@cntv=\count90
\c@Gm@tempcnt=\count91
\Gm@bindingoffset=\dimen103
\Gm@wd@mp=\dimen104
\Gm@odd@mp=\dimen105
\Gm@even@mp=\dimen106
\Gm@layoutwidth=\dimen107
\Gm@layoutheight=\dimen108
\Gm@layouthoffset=\dimen109
\Gm@layoutvoffset=\dimen110
\Gm@dimlist=\toks20
)
(/usr/local/texlive/2015/texmf-dist/tex/generic/babel/babel.sty
Package: babel 2014/09/25 3.9l The Babel package

(/usr/local/texlive/2015/texmf-dist/tex/generic/babel-english/english.ldf
Language: english 2012/08/20 v3.3p English support from the babel system

(/usr/local/texlive/2015/texmf-dist/tex/generic/babel/babel.def
File: babel.def 2014/09/25 3.9l Babel common definitions
\babel@savecnt=\count92
\U@D=\dimen111
)
\l@canadian = a dialect from \language\l@american 
\l@australian = a dialect from \language\l@british 
\l@newzealand = a dialect from \language\l@british 
)
(/usr/local/texlive/2015/texmf-dist/tex/generic/babel-italian/italian.ldf
Language: italian 2015/03/26 v1.3n Italian support from the babel system
\it@lettering=\count93
\it@doublequoteactive=\count94
\it@ISOcompliance=\count95
)
(/usr/local/texlive/2015/texmf-dist/tex/generic/babel-english/english.ldf
Language: english 2012/08/20 v3.3p English support from the babel system
)

Package babel Warning: Last declared language option is `italian,
(babel)                but the last processed one was `american'.
(babel)                The main language cannot be set as both a global
(babel)                and a package option. Use `main=italian' as
(babel)                option. Reported on input line 314.

)

Package Babel Warning: The package option `english' should not be used
(Babel)                with a more specific one (like `american') on input line
 14.

(/usr/local/texlive/2015/texmf-dist/tex/latex/etoolbox/etoolbox.sty
Package: etoolbox 2015/05/04 v2.2 e-TeX tools for LaTeX (JAW)
\etb@tempcnta=\count96
)
(/usr/local/texlive/2015/texmf-dist/tex/latex/refstyle/refstyle.sty
Package: refstyle 2010/11/02 v0.5 Reference formatting (DNJ Els)
Package refstyle Info: Config file refstyle.cfg used on input line 322.

(/usr/local/texlive/2015/texmf-dist/tex/latex/refstyle/refstyle.cfg
File: refstyle.cfg 2010/11/02 0.5 Configuration file for refstyle (DNJ Els)
Package refstyle Info: New reference template \newref{part} on input line 468.
Package refstyle Info: \partkey created on input line 468.
Package refstyle Info: \partlabel created on input line 468.
Package refstyle Info: \partref created on input line 468.
Package refstyle Info: \Partref created on input line 468.
Package refstyle Info: \partrangeref created on input line 468.
Package refstyle Info: \Partrangeref created on input line 468.
Package refstyle Info: \partpageref created on input line 468.
Package refstyle Info: New reference template \newref{chap} on input line 501.
Package refstyle Info: \chapkey created on input line 501.
Package refstyle Info: \chaplabel created on input line 501.
Package refstyle Info: \chapref created on input line 501.
Package refstyle Info: \Chapref created on input line 501.
Package refstyle Info: \chaprangeref created on input line 501.
Package refstyle Info: \Chaprangeref created on input line 501.
Package refstyle Info: \chappageref created on input line 501.
Package refstyle Info: New reference template \newref{sec} on input line 511.
Package refstyle Info: \seckey created on input line 511.
Package refstyle Info: \seclabel created on input line 511.
Package refstyle Info: \secref created on input line 511.
Package refstyle Info: \Secref created on input line 511.
Package refstyle Info: \secrangeref created on input line 511.
Package refstyle Info: \Secrangeref created on input line 511.
Package refstyle Info: \secpageref created on input line 511.
Package refstyle Info: New reference template \newref{eq} on input line 526.
Package refstyle Info: \eqkey created on input line 526.
Package refstyle Info: \eqlabel created on input line 526.
Package refstyle Info: \eqref created on input line 526.
Package refstyle Info: \Eqref created on input line 526.
Package refstyle Info: \eqrangeref created on input line 526.
Package refstyle Info: \Eqrangeref created on input line 526.
Package refstyle Info: \eqpageref created on input line 526.
Package refstyle Info: New reference template \newref{fig} on input line 544.
Package refstyle Info: \figkey created on input line 544.
Package refstyle Info: \figlabel created on input line 544.
Package refstyle Info: \figref created on input line 544.
Package refstyle Info: \Figref created on input line 544.
Package refstyle Info: \figrangeref created on input line 544.
Package refstyle Info: \Figrangeref created on input line 544.
Package refstyle Info: \figpageref created on input line 544.
Package refstyle Info: New reference template \newref{tab} on input line 553.
Package refstyle Info: \tabkey created on input line 553.
Package refstyle Info: \tablabel created on input line 553.
Package refstyle Info: \tabref created on input line 553.
Package refstyle Info: \Tabref created on input line 553.
Package refstyle Info: \tabrangeref created on input line 553.
Package refstyle Info: \Tabrangeref created on input line 553.
Package refstyle Info: \tabpageref created on input line 553.
Package refstyle Info: New reference template \newref{fn} on input line 568.
Package refstyle Info: \fnkey created on input line 568.
Package refstyle Info: \fnlabel created on input line 568.
Package refstyle Info: \fnref created on input line 568.
Package refstyle Info: \Fnref created on input line 568.
Package refstyle Info: \fnrangeref created on input line 568.
Package refstyle Info: \Fnrangeref created on input line 568.
Package refstyle Info: \fnpageref created on input line 568.
))
(/usr/local/texlive/2015/texmf-dist/tex/latex/float/float.sty
Package: float 2001/11/08 v1.3d Float enhancements (AL)
\c@float@type=\count97
\float@exts=\toks21
\float@box=\box26
\@float@everytoks=\toks22
\@floatcapt=\box27
)
(/usr/local/texlive/2015/texmf-dist/tex/latex/base/textcomp.sty
Package: textcomp 2005/09/27 v1.99g Standard LaTeX package
Package textcomp Info: Sub-encoding information:
(textcomp)               5 = only ISO-Adobe without \textcurrency
(textcomp)               4 = 5 + \texteuro
(textcomp)               3 = 4 + \textohm
(textcomp)               2 = 3 + \textestimated + \textcurrency
(textcomp)               1 = TS1 - \textcircled - \t
(textcomp)               0 = TS1 (full)
(textcomp)             Font families with sub-encoding setting implement
(textcomp)             only a restricted character set as indicated.
(textcomp)             Family '?' is the default used for unknown fonts.
(textcomp)             See the documentation for details.
Package textcomp Info: Setting ? sub-encoding to TS1/1 on input line 79.

(/usr/local/texlive/2015/texmf-dist/tex/latex/base/ts1enc.def
File: ts1enc.def 2001/06/05 v3.0e (jk/car/fm) Standard LaTeX file
)
LaTeX Info: Redefining \oldstylenums on input line 334.
Package textcomp Info: Setting cmr sub-encoding to TS1/0 on input line 349.
Package textcomp Info: Setting cmss sub-encoding to TS1/0 on input line 350.
Package textcomp Info: Setting cmtt sub-encoding to TS1/0 on input line 351.
Package textcomp Info: Setting cmvtt sub-encoding to TS1/0 on input line 352.
Package textcomp Info: Setting cmbr sub-encoding to TS1/0 on input line 353.
Package textcomp Info: Setting cmtl sub-encoding to TS1/0 on input line 354.
Package textcomp Info: Setting ccr sub-encoding to TS1/0 on input line 355.
Package textcomp Info: Setting ptm sub-encoding to TS1/4 on input line 356.
Package textcomp Info: Setting pcr sub-encoding to TS1/4 on input line 357.
Package textcomp Info: Setting phv sub-encoding to TS1/4 on input line 358.
Package textcomp Info: Setting ppl sub-encoding to TS1/3 on input line 359.
Package textcomp Info: Setting pag sub-encoding to TS1/4 on input line 360.
Package textcomp Info: Setting pbk sub-encoding to TS1/4 on input line 361.
Package textcomp Info: Setting pnc sub-encoding to TS1/4 on input line 362.
Package textcomp Info: Setting pzc sub-encoding to TS1/4 on input line 363.
Package textcomp Info: Setting bch sub-encoding to TS1/4 on input line 364.
Package textcomp Info: Setting put sub-encoding to TS1/5 on input line 365.
Package textcomp Info: Setting uag sub-encoding to TS1/5 on input line 366.
Package textcomp Info: Setting ugq sub-encoding to TS1/5 on input line 367.
Package textcomp Info: Setting ul8 sub-encoding to TS1/4 on input line 368.
Package textcomp Info: Setting ul9 sub-encoding to TS1/4 on input line 369.
Package textcomp Info: Setting augie sub-encoding to TS1/5 on input line 370.
Package textcomp Info: Setting dayrom sub-encoding to TS1/3 on input line 371.
Package textcomp Info: Setting dayroms sub-encoding to TS1/3 on input line 372.

Package textcomp Info: Setting pxr sub-encoding to TS1/0 on input line 373.
Package textcomp Info: Setting pxss sub-encoding to TS1/0 on input line 374.
Package textcomp Info: Setting pxtt sub-encoding to TS1/0 on input line 375.
Package textcomp Info: Setting txr sub-encoding to TS1/0 on input line 376.
Package textcomp Info: Setting txss sub-encoding to TS1/0 on input line 377.
Package textcomp Info: Setting txtt sub-encoding to TS1/0 on input line 378.
Package textcomp Info: Setting lmr sub-encoding to TS1/0 on input line 379.
Package textcomp Info: Setting lmdh sub-encoding to TS1/0 on input line 380.
Package textcomp Info: Setting lmss sub-encoding to TS1/0 on input line 381.
Package textcomp Info: Setting lmssq sub-encoding to TS1/0 on input line 382.
Package textcomp Info: Setting lmvtt sub-encoding to TS1/0 on input line 383.
Package textcomp Info: Setting lmtt sub-encoding to TS1/0 on input line 384.
Package textcomp Info: Setting qhv sub-encoding to TS1/0 on input line 385.
Package textcomp Info: Setting qag sub-encoding to TS1/0 on input line 386.
Package textcomp Info: Setting qbk sub-encoding to TS1/0 on input line 387.
Package textcomp Info: Setting qcr sub-encoding to TS1/0 on input line 388.
Package textcomp Info: Setting qcs sub-encoding to TS1/0 on input line 389.
Package textcomp Info: Setting qpl sub-encoding to TS1/0 on input line 390.
Package textcomp Info: Setting qtm sub-encoding to TS1/0 on input line 391.
Package textcomp Info: Setting qzc sub-encoding to TS1/0 on input line 392.
Package textcomp Info: Setting qhvc sub-encoding to TS1/0 on input line 393.
Package textcomp Info: Setting futs sub-encoding to TS1/4 on input line 394.
Package textcomp Info: Setting futx sub-encoding to TS1/4 on input line 395.
Package textcomp Info: Setting futj sub-encoding to TS1/4 on input line 396.
Package textcomp Info: Setting hlh sub-encoding to TS1/3 on input line 397.
Package textcomp Info: Setting hls sub-encoding to TS1/3 on input line 398.
Package textcomp Info: Setting hlst sub-encoding to TS1/3 on input line 399.
Package textcomp Info: Setting hlct sub-encoding to TS1/5 on input line 400.
Package textcomp Info: Setting hlx sub-encoding to TS1/5 on input line 401.
Package textcomp Info: Setting hlce sub-encoding to TS1/5 on input line 402.
Package textcomp Info: Setting hlcn sub-encoding to TS1/5 on input line 403.
Package textcomp Info: Setting hlcw sub-encoding to TS1/5 on input line 404.
Package textcomp Info: Setting hlcf sub-encoding to TS1/5 on input line 405.
Package textcomp Info: Setting pplx sub-encoding to TS1/3 on input line 406.
Package textcomp Info: Setting pplj sub-encoding to TS1/3 on input line 407.
Package textcomp Info: Setting ptmx sub-encoding to TS1/4 on input line 408.
Package textcomp Info: Setting ptmj sub-encoding to TS1/4 on input line 409.
)
(/usr/local/texlive/2015/texmf-dist/tex/latex/pdfpages/pdfpages.sty
Package: pdfpages 2015/05/11 v0.4x Insert pages of external PDF documents (AM)

(/usr/local/texlive/2015/texmf-dist/tex/latex/base/ifthen.sty
Package: ifthen 2014/09/29 v1.1c Standard LaTeX ifthen package (DPC)
)
(/usr/local/texlive/2015/texmf-dist/tex/latex/tools/calc.sty
Package: calc 2014/10/28 v4.3 Infix arithmetic (KKT,FJ)
\calc@Acount=\count98
\calc@Bcount=\count99
\calc@Adimen=\dimen112
\calc@Bdimen=\dimen113
\calc@Askip=\skip43
\calc@Bskip=\skip44
LaTeX Info: Redefining \setlength on input line 80.
LaTeX Info: Redefining \addtolength on input line 81.
\calc@Ccount=\count100
\calc@Cskip=\skip45
)
(/usr/local/texlive/2015/texmf-dist/tex/latex/eso-pic/eso-pic.sty
Package: eso-pic 2015/04/20 v2.0e eso-pic (RN)

(/usr/local/texlive/2015/texmf-dist/tex/generic/oberdiek/atbegshi.sty
Package: atbegshi 2011/10/05 v1.16 At begin shipout hook (HO)

(/usr/local/texlive/2015/texmf-dist/tex/generic/oberdiek/infwarerr.sty
Package: infwarerr 2010/04/08 v1.3 Providing info/warning/error messages (HO)
)
(/usr/local/texlive/2015/texmf-dist/tex/generic/oberdiek/ltxcmds.sty
Package: ltxcmds 2011/11/09 v1.22 LaTeX kernel commands for general use (HO)
))
(/usr/local/texlive/2015/texmf-dist/tex/latex/xcolor/xcolor.sty
Package: xcolor 2007/01/21 v2.11 LaTeX color extensions (UK)

(/usr/local/texlive/2015/texmf-dist/tex/latex/latexconfig/color.cfg
File: color.cfg 2007/01/18 v1.5 color configuration of teTeX/TeXLive
)
Package xcolor Info: Driver file: pdftex.def on input line 225.

(/usr/local/texlive/2015/texmf-dist/tex/latex/pdftex-def/pdftex.def
File: pdftex.def 2011/05/27 v0.06d Graphics/color for pdfTeX
\Gread@gobject=\count101
)
Package xcolor Info: Model `cmy' substituted by `cmy0' on input line 1337.
Package xcolor Info: Model `hsb' substituted by `rgb' on input line 1341.
Package xcolor Info: Model `RGB' extended on input line 1353.
Package xcolor Info: Model `HTML' substituted by `rgb' on input line 1355.
Package xcolor Info: Model `Hsb' substituted by `hsb' on input line 1356.
Package xcolor Info: Model `tHsb' substituted by `hsb' on input line 1357.
Package xcolor Info: Model `HSB' substituted by `hsb' on input line 1358.
Package xcolor Info: Model `Gray' substituted by `gray' on input line 1359.
Package xcolor Info: Model `wave' substituted by `hsb' on input line 1360.
))
(/usr/local/texlive/2015/texmf-dist/tex/latex/graphics/graphicx.sty
Package: graphicx 2014/10/28 v1.0g Enhanced LaTeX Graphics (DPC,SPQR)

(/usr/local/texlive/2015/texmf-dist/tex/latex/graphics/graphics.sty
Package: graphics 2014/10/28 v1.0p Standard LaTeX Graphics (DPC,SPQR)

(/usr/local/texlive/2015/texmf-dist/tex/latex/graphics/trig.sty
Package: trig 1999/03/16 v1.09 sin cos tan (DPC)
)
(/usr/local/texlive/2015/texmf-dist/tex/latex/latexconfig/graphics.cfg
File: graphics.cfg 2010/04/23 v1.9 graphics configuration of TeX Live
)
Package graphics Info: Driver file: pdftex.def on input line 94.
)
\Gin@req@height=\dimen114
\Gin@req@width=\dimen115
)
\AM@pagewidth=\dimen116
\AM@pageheight=\dimen117

(/usr/local/texlive/2015/texmf-dist/tex/latex/pdfpages/pppdftex.def
File: pppdftex.def 2015/05/11 v0.4x Pdfpages driver for pdfTeX (AM)
)
\AM@pagebox=\box28
\AM@toc@title=\toks23
\c@AM@survey=\count102
\AM@templatesizebox=\box29
)
(/usr/local/texlive/2015/texmf-dist/tex/latex/amscls/amsthm.sty
Package: amsthm 2015/03/04 v2.20.2
\thm@style=\toks24
\thm@bodyfont=\toks25
\thm@headfont=\toks26
\thm@notefont=\toks27
\thm@headpunct=\toks28
\thm@preskip=\skip46
\thm@postskip=\skip47
\thm@headsep=\skip48
\dth@everypar=\toks29
)
(/usr/local/texlive/2015/texmf-dist/tex/latex/amsmath/amsmath.sty
Package: amsmath 2013/01/14 v2.14 AMS math features
\@mathmargin=\skip49

For additional information on amsmath, use the `?' option.
(/usr/local/texlive/2015/texmf-dist/tex/latex/amsmath/amstext.sty
Package: amstext 2000/06/29 v2.01

(/usr/local/texlive/2015/texmf-dist/tex/latex/amsmath/amsgen.sty
File: amsgen.sty 1999/11/30 v2.0
\@emptytoks=\toks30
\ex@=\dimen118
))
(/usr/local/texlive/2015/texmf-dist/tex/latex/amsmath/amsbsy.sty
Package: amsbsy 1999/11/29 v1.2d
\pmbraise@=\dimen119
)
(/usr/local/texlive/2015/texmf-dist/tex/latex/amsmath/amsopn.sty
Package: amsopn 1999/12/14 v2.01 operator names
)
\inf@bad=\count103
LaTeX Info: Redefining \frac on input line 210.
\uproot@=\count104
\leftroot@=\count105
LaTeX Info: Redefining \overline on input line 306.
\classnum@=\count106
\DOTSCASE@=\count107
LaTeX Info: Redefining \ldots on input line 378.
LaTeX Info: Redefining \dots on input line 381.
LaTeX Info: Redefining \cdots on input line 466.
\Mathstrutbox@=\box30
\strutbox@=\box31
\big@size=\dimen120
LaTeX Font Info:    Redeclaring font encoding OML on input line 566.
LaTeX Font Info:    Redeclaring font encoding OMS on input line 567.
\macc@depth=\count108
\c@MaxMatrixCols=\count109
\dotsspace@=\muskip10
\c@parentequation=\count110
\dspbrk@lvl=\count111
\tag@help=\toks31
\row@=\count112
\column@=\count113
\maxfields@=\count114
\andhelp@=\toks32
\eqnshift@=\dimen121
\alignsep@=\dimen122
\tagshift@=\dimen123
\tagwidth@=\dimen124
\totwidth@=\dimen125
\lineht@=\dimen126
\@envbody=\toks33
\multlinegap=\skip50
\multlinetaggap=\skip51
\mathdisplay@stack=\toks34
LaTeX Info: Redefining \[ on input line 2665.
LaTeX Info: Redefining \] on input line 2666.
)
(/usr/local/texlive/2015/texmf-dist/tex/latex/amsfonts/amssymb.sty
Package: amssymb 2013/01/14 v3.01 AMS font symbols

(/usr/local/texlive/2015/texmf-dist/tex/latex/amsfonts/amsfonts.sty
Package: amsfonts 2013/01/14 v3.01 Basic AMSFonts support
\symAMSa=\mathgroup4
\symAMSb=\mathgroup5
LaTeX Font Info:    Overwriting math alphabet `\mathfrak' in version `bold'
(Font)                  U/euf/m/n --> U/euf/b/n on input line 106.
))
(/usr/local/texlive/2015/texmf-dist/tex/latex/setspace/setspace.sty
Package: setspace 2011/12/19 v6.7a set line spacing
)
(/usr/local/texlive/2015/texmf-dist/tex/latex/esint/esint.sty
Package: esint 
\symlargesymbolsA=\mathgroup6
)
(/usr/local/texlive/2015/texmf-dist/tex/latex/subfiles/subfiles.sty
Package: subfiles 2012/05/23 Federico Garcia

(/usr/local/texlive/2015/texmf-dist/tex/latex/tools/verbatim.sty
Package: verbatim 2014/10/28 v1.5q LaTeX2e package for verbatim enhancements
\every@verbatim=\toks35
\verbatim@line=\toks36
\verbatim@in@stream=\read1
))
(/usr/local/texlive/2015/texmf-dist/tex/latex/msg/msg.sty
(/usr/local/texlive/2015/texmf-dist/tex/latex/base/inputenc.sty
Package: inputenc 2015/03/17 v1.2c Input encoding file
\inpenc@prehook=\toks37
\inpenc@posthook=\toks38

(/usr/local/texlive/2015/texmf-dist/tex/latex/ucs/utf8x.def
File: utf8x.def 2004/10/17 UCS: Input encoding UTF-8
))
\@inputmsg=\read2
Package: msg 2006/11/09 V0.50 package to issue localized messages, now loaded.
)
(/usr/local/texlive/2015/texmf-dist/tex/latex/caption/subcaption.sty
Package: subcaption 2013/02/03 v1.1-62 Sub-captions (AR)

(/usr/local/texlive/2015/texmf-dist/tex/latex/caption/caption.sty
Package: caption 2013/05/02 v3.3-89 Customizing captions (AR)

(/usr/local/texlive/2015/texmf-dist/tex/latex/caption/caption3.sty
Package: caption3 2013/05/02 v1.6-88 caption3 kernel (AR)
Package caption3 Info: TeX engine: e-TeX on input line 57.
\captionmargin=\dimen127
\captionmargin@=\dimen128
\captionwidth=\dimen129
\caption@tempdima=\dimen130
\caption@indent=\dimen131
\caption@parindent=\dimen132
\caption@hangindent=\dimen133
)
\c@ContinuedFloat=\count115
Package caption Info: float package is loaded.
)
\c@subfigure=\count116
\c@subtable=\count117
)
(/usr/local/texlive/2015/texmf-dist/tex/latex/overpic/overpic.sty
Package: overpic 2010/09/13 v0.53  Overwriting graphics

Package: overpic v0.53 <2010/09/13> (RN)
(/usr/local/texlive/2015/texmf-dist/tex/latex/eepic/epic.sty
Enhancements to Picture Environment. Version 1.2 - Released June 1, 1986
\@@multicnt=\count118
\d@lta=\count119
\@delta=\dimen134
\@@delta=\dimen135
\@gridcnt=\count120
\@joinkind=\count121
\@dotgap=\dimen136
\@ddotgap=\dimen137
\@x@diff=\count122
\@y@diff=\count123
\x@diff=\dimen138
\y@diff=\dimen139
\@dotbox=\box32
\num@segments=\count124
\num@segmentsi=\count125
\@datafile=\read3
)
overpic: relative positioning in percent
) (/usr/local/texlive/2015/texmf-dist/tex/latex/captdef/captdef.sty
Package: captdef 1998/12/17 non-floating captions
)
(/usr/local/texlive/2015/texmf-dist/tex/latex/oberdiek/epstopdf.sty
Package: epstopdf 2010/02/09 v2.5 Conversion with epstopdf on the fly (HO)

(/usr/local/texlive/2015/texmf-dist/tex/latex/oberdiek/epstopdf-base.sty
Package: epstopdf-base 2010/02/09 v2.5 Base part for package epstopdf

(/usr/local/texlive/2015/texmf-dist/tex/latex/oberdiek/grfext.sty
Package: grfext 2010/08/19 v1.1 Manage graphics extensions (HO)

(/usr/local/texlive/2015/texmf-dist/tex/generic/oberdiek/kvdefinekeys.sty
Package: kvdefinekeys 2011/04/07 v1.3 Define keys (HO)
))
(/usr/local/texlive/2015/texmf-dist/tex/latex/oberdiek/kvoptions.sty
Package: kvoptions 2011/06/30 v3.11 Key value format for package options (HO)

(/usr/local/texlive/2015/texmf-dist/tex/generic/oberdiek/kvsetkeys.sty
Package: kvsetkeys 2012/04/25 v1.16 Key value parser (HO)

(/usr/local/texlive/2015/texmf-dist/tex/generic/oberdiek/etexcmds.sty
Package: etexcmds 2011/02/16 v1.5 Avoid name clashes with e-TeX commands (HO)

(/usr/local/texlive/2015/texmf-dist/tex/generic/oberdiek/ifluatex.sty
Package: ifluatex 2010/03/01 v1.3 Provides the ifluatex switch (HO)
Package ifluatex Info: LuaTeX not detected.
)
Package etexcmds Info: Could not find \expanded.
(etexcmds)             That can mean that you are not using pdfTeX 1.50 or
(etexcmds)             that some package has redefined \expanded.
(etexcmds)             In the latter case, load this package earlier.
)))
(/usr/local/texlive/2015/texmf-dist/tex/generic/oberdiek/pdftexcmds.sty
Package: pdftexcmds 2011/11/29 v0.20 Utility functions of pdfTeX for LuaTeX (HO
)
Package pdftexcmds Info: LuaTeX not detected.
Package pdftexcmds Info: \pdf@primitive is available.
Package pdftexcmds Info: \pdf@ifprimitive is available.
Package pdftexcmds Info: \pdfdraftmode found.
)
Package grfext Info: Graphics extension search list:
(grfext)             [.png,.pdf,.jpg,.mps,.jpeg,.jbig2,.jb2,.PNG,.PDF,.JPG,.JPE
G,.JBIG2,.JB2,.eps]
(grfext)             \AppendGraphicsExtensions on input line 452.

(/usr/local/texlive/2015/texmf-dist/tex/latex/latexconfig/epstopdf-sys.cfg
File: epstopdf-sys.cfg 2010/07/13 v1.3 Configuration of (r)epstopdf for TeX Liv
e
)))
(/usr/local/texlive/2015/texmf-dist/tex/latex/hyperref/hyperref.sty
Package: hyperref 2012/11/06 v6.83m Hypertext links for LaTeX

(/usr/local/texlive/2015/texmf-dist/tex/generic/oberdiek/hobsub-hyperref.sty
Package: hobsub-hyperref 2012/05/28 v1.13 Bundle oberdiek, subset hyperref (HO)


(/usr/local/texlive/2015/texmf-dist/tex/generic/oberdiek/hobsub-generic.sty
Package: hobsub-generic 2012/05/28 v1.13 Bundle oberdiek, subset generic (HO)
Package: hobsub 2012/05/28 v1.13 Construct package bundles (HO)
Package hobsub Info: Skipping package `infwarerr' (already loaded).
Package hobsub Info: Skipping package `ltxcmds' (already loaded).
Package hobsub Info: Skipping package `ifluatex' (already loaded).
Package hobsub Info: Skipping package `ifvtex' (already loaded).
Package: intcalc 2007/09/27 v1.1 Expandable calculations with integers (HO)
Package hobsub Info: Skipping package `ifpdf' (already loaded).
Package hobsub Info: Skipping package `etexcmds' (already loaded).
Package hobsub Info: Skipping package `kvsetkeys' (already loaded).
Package hobsub Info: Skipping package `kvdefinekeys' (already loaded).
Package hobsub Info: Skipping package `pdftexcmds' (already loaded).
Package: pdfescape 2011/11/25 v1.13 Implements pdfTeX's escape features (HO)
Package: bigintcalc 2012/04/08 v1.3 Expandable calculations on big integers (HO
)
Package: bitset 2011/01/30 v1.1 Handle bit-vector datatype (HO)
Package: uniquecounter 2011/01/30 v1.2 Provide unlimited unique counter (HO)
)
Package hobsub Info: Skipping package `hobsub' (already loaded).
Package: letltxmacro 2010/09/02 v1.4 Let assignment for LaTeX macros (HO)
Package: hopatch 2012/05/28 v1.2 Wrapper for package hooks (HO)
Package: xcolor-patch 2011/01/30 xcolor patch
Package: atveryend 2011/06/30 v1.8 Hooks at the very end of document (HO)
Package hobsub Info: Skipping package `atbegshi' (already loaded).
Package: refcount 2011/10/16 v3.4 Data extraction from label references (HO)
Package: hycolor 2011/01/30 v1.7 Color options for hyperref/bookmark (HO)
)
(/usr/local/texlive/2015/texmf-dist/tex/latex/oberdiek/auxhook.sty
Package: auxhook 2011/03/04 v1.3 Hooks for auxiliary files (HO)
)
\@linkdim=\dimen140
\Hy@linkcounter=\count126
\Hy@pagecounter=\count127

(/usr/local/texlive/2015/texmf-dist/tex/latex/hyperref/pd1enc.def
File: pd1enc.def 2012/11/06 v6.83m Hyperref: PDFDocEncoding definition (HO)
)
\Hy@SavedSpaceFactor=\count128

(/usr/local/texlive/2015/texmf-dist/tex/latex/latexconfig/hyperref.cfg
File: hyperref.cfg 2002/06/06 v1.2 hyperref configuration of TeXLive
)
Package hyperref Info: Option `unicode' set `true' on input line 4319.

(/usr/local/texlive/2015/texmf-dist/tex/latex/hyperref/puenc.def
File: puenc.def 2012/11/06 v6.83m Hyperref: PDF Unicode definition (HO)
)
Package hyperref Info: Option `bookmarks' set `true' on input line 4319.
Package hyperref Info: Option `bookmarksnumbered' set `false' on input line 431
9.
Package hyperref Info: Option `bookmarksopen' set `false' on input line 4319.
Package hyperref Info: Option `breaklinks' set `false' on input line 4319.
Package hyperref Info: Option `colorlinks' set `false' on input line 4319.
Package hyperref Info: Hyper figures OFF on input line 4443.
Package hyperref Info: Link nesting OFF on input line 4448.
Package hyperref Info: Hyper index ON on input line 4451.
Package hyperref Info: Plain pages OFF on input line 4458.
Package hyperref Info: Backreferencing OFF on input line 4463.
Package hyperref Info: Implicit mode ON; LaTeX internals redefined.
Package hyperref Info: Bookmarks ON on input line 4688.
\c@Hy@tempcnt=\count129

(/usr/local/texlive/2015/texmf-dist/tex/latex/url/url.sty
\Urlmuskip=\muskip11
Package: url 2013/09/16  ver 3.4  Verb mode for urls, etc.
)
LaTeX Info: Redefining \url on input line 5041.
\XeTeXLinkMargin=\dimen141
\Fld@menulength=\count130
\Field@Width=\dimen142
\Fld@charsize=\dimen143
Package hyperref Info: Hyper figures OFF on input line 6295.
Package hyperref Info: Link nesting OFF on input line 6300.
Package hyperref Info: Hyper index ON on input line 6303.
Package hyperref Info: backreferencing OFF on input line 6310.
Package hyperref Info: Link coloring OFF on input line 6315.
Package hyperref Info: Link coloring with OCG OFF on input line 6320.
Package hyperref Info: PDF/A mode OFF on input line 6325.
LaTeX Info: Redefining \ref on input line 6365.
LaTeX Info: Redefining \pageref on input line 6369.
\Hy@abspage=\count131
\c@Item=\count132
\c@Hfootnote=\count133
)

Package hyperref Message: Driver (autodetected): hpdftex.

(/usr/local/texlive/2015/texmf-dist/tex/latex/hyperref/hpdftex.def
File: hpdftex.def 2012/11/06 v6.83m Hyperref driver for pdfTeX
\Fld@listcount=\count134
\c@bookmark@seq@number=\count135

(/usr/local/texlive/2015/texmf-dist/tex/latex/oberdiek/rerunfilecheck.sty
Package: rerunfilecheck 2011/04/15 v1.7 Rerun checks for auxiliary files (HO)
Package uniquecounter Info: New unique counter `rerunfilecheck' on input line 2
82.
)
\Hy@SectionHShift=\skip52
)
(/usr/local/texlive/2015/texmf-dist/tex/latex/breakurl/breakurl.sty
Package: breakurl 2013/04/10 v1.40 Breakable hyperref URLs

(/usr/local/texlive/2015/texmf-dist/tex/latex/xkeyval/xkeyval.sty
Package: xkeyval 2014/12/03 v2.7a package option processing (HA)

(/usr/local/texlive/2015/texmf-dist/tex/generic/xkeyval/xkeyval.tex
(/usr/local/texlive/2015/texmf-dist/tex/generic/xkeyval/xkvutils.tex
\XKV@toks=\toks39
\XKV@tempa@toks=\toks40
)
\XKV@depth=\count136
File: xkeyval.tex 2014/12/03 v2.7a key=value parser (HA)
))

Package breakurl Warning: You are using breakurl while processing via pdflatex.

(breakurl)                \burl will be just a synonym of \url.
(breakurl)                 on input line 48.

)
Package refstyle Info: New reference template \newref{thm} on input line 87.
Package refstyle Info: \thmkey created on input line 87.
Package refstyle Info: \thmlabel created on input line 87.
Package refstyle Info: \thmref created on input line 87.
Package refstyle Info: \Thmref created on input line 87.
Package refstyle Info: \thmrangeref created on input line 87.
Package refstyle Info: \Thmrangeref created on input line 87.
Package refstyle Info: \thmpageref created on input line 87.
Package refstyle Info: New reference template \newref{lem} on input line 90.
Package refstyle Info: \lemkey created on input line 90.
Package refstyle Info: \lemlabel created on input line 90.
Package refstyle Info: \lemref created on input line 90.
Package refstyle Info: \Lemref created on input line 90.
Package refstyle Info: \lemrangeref created on input line 90.
Package refstyle Info: \Lemrangeref created on input line 90.
Package refstyle Info: \lempageref created on input line 90.
 (/usr/local/texlive/2015/texmf-dist/tex/latex/fancyhdr/fancyhdr.sty
\fancy@headwidth=\skip53
\f@ncyO@elh=\skip54
\f@ncyO@erh=\skip55
\f@ncyO@olh=\skip56
\f@ncyO@orh=\skip57
\f@ncyO@elf=\skip58
\f@ncyO@erf=\skip59
\f@ncyO@olf=\skip60
\f@ncyO@orf=\skip61
)
(/usr/local/texlive/2015/texmf-dist/tex/latex/multirow/multirow.sty
\bigstrutjot=\dimen144
)
(/usr/local/texlive/2015/texmf-dist/tex/latex/appendix/appendix.sty
Package: appendix 2009/09/02 v1.2b extra appendix facilities
\c@@pps=\count137
\c@@ppsavesec=\count138
\c@@ppsaveapp=\count139
)
(/usr/local/texlive/2015/texmf-dist/tex/latex/listings/listings.sty
\lst@mode=\count140
\lst@gtempboxa=\box33
\lst@token=\toks41
\lst@length=\count141
\lst@currlwidth=\dimen145
\lst@column=\count142
\lst@pos=\count143
\lst@lostspace=\dimen146
\lst@width=\dimen147
\lst@newlines=\count144
\lst@lineno=\count145
\lst@maxwidth=\dimen148

(/usr/local/texlive/2015/texmf-dist/tex/latex/listings/lstmisc.sty
File: lstmisc.sty 2014/09/06 1.5e (Carsten Heinz)
\c@lstnumber=\count146
\lst@skipnumbers=\count147
\lst@framebox=\box34
)
(/usr/local/texlive/2015/texmf-dist/tex/latex/listings/listings.cfg
File: listings.cfg 2014/09/06 1.5e listings configuration
))
Package: listings 2014/09/06 1.5e (Carsten Heinz)

(/usr/local/texlive/2015/texmf-dist/tex/latex/psnfss/courier.sty
Package: courier 2005/04/12 PSNFSS-v9.2a (WaS) 
)
(/usr/local/texlive/2015/texmf-dist/tex/latex/titlesec/titletoc.sty
Package: titletoc 2011/12/15 v1.6 TOC entries
\ttl@leftsep=\dimen149
)

LaTeX Warning: Unused global option(s):
    [bibliography=totoc].

(./tesi.aux

LaTeX Warning: Label `fig:butterflypuf' multiply defined.


LaTeX Warning: Label `fig:teeboot' multiply defined.

)
\openout1 = `tesi.aux'.

LaTeX Font Info:    Checking defaults for OML/cmm/m/it on input line 213.
LaTeX Font Info:    ... okay on input line 213.
LaTeX Font Info:    Checking defaults for T1/cmr/m/n on input line 213.
LaTeX Font Info:    ... okay on input line 213.
LaTeX Font Info:    Checking defaults for OT1/cmr/m/n on input line 213.
LaTeX Font Info:    ... okay on input line 213.
LaTeX Font Info:    Checking defaults for OMS/cmsy/m/n on input line 213.
LaTeX Font Info:    ... okay on input line 213.
LaTeX Font Info:    Checking defaults for OMX/cmex/m/n on input line 213.
LaTeX Font Info:    ... okay on input line 213.
LaTeX Font Info:    Checking defaults for U/cmr/m/n on input line 213.
LaTeX Font Info:    ... okay on input line 213.
LaTeX Font Info:    Checking defaults for TS1/cmr/m/n on input line 213.
LaTeX Font Info:    Try loading font information for TS1+cmr on input line 213.

 (/usr/local/texlive/2015/texmf-dist/tex/latex/base/ts1cmr.fd
File: ts1cmr.fd 2014/09/29 v2.5h Standard LaTeX font definitions
)
LaTeX Font Info:    ... okay on input line 213.
LaTeX Font Info:    Checking defaults for PD1/pdf/m/n on input line 213.
LaTeX Font Info:    ... okay on input line 213.
LaTeX Font Info:    Checking defaults for PU/pdf/m/n on input line 213.
LaTeX Font Info:    ... okay on input line 213.

(/usr/local/texlive/2015/texmf-dist/tex/latex/ucs/ucsencs.def
File: ucsencs.def 2011/01/21 Fixes to fontencodings LGR, T3
)
*geometry* driver: auto-detecting
*geometry* detected driver: pdftex
*geometry* verbose mode - [ preamble ] result:
* driver: pdftex
* paper: a4paper
* layout: <same size as paper>
* layoutoffset:(h,v)=(0.0pt,0.0pt)
* modes: 
* h-part:(L,W,R)=(99.58464pt, 426.79135pt, 71.13188pt)
* v-part:(T,H,B)=(85.35826pt, 674.33032pt, 85.35826pt)
* \paperwidth=597.50787pt
* \paperheight=845.04684pt
* \textwidth=426.79135pt
* \textheight=674.33032pt
* \oddsidemargin=27.31465pt
* \evensidemargin=27.31465pt
* \topmargin=-58.0436pt
* \headheight=56.9055pt
* \headsep=14.22636pt
* \topskip=12.0pt
* \footskip=30.0pt
* \marginparwidth=47.0pt
* \marginparsep=7.0pt
* \columnsep=10.0pt
* \skip\footins=10.8pt plus 4.0pt minus 2.0pt
* \hoffset=0.0pt
* \voffset=0.0pt
* \mag=1000
* \@twocolumnfalse
* \@twosidefalse
* \@mparswitchfalse
* \@reversemarginfalse
* (1in=72.27pt=25.4mm, 1cm=28.453pt)

LaTeX Info: Redefining \it@ocap on input line 213.
LaTeX Info: Redefining \it@ccap on input line 213.

File italian.ldf warning: 
italian.ldf    With OT1 encoding guillemets are poorly faked
italian.ldf    Use T1 encoding
italian.ldf    or specify a font with command \CaporaliFrom
italian.ldf    See the documentation concerning the babel-italian typesetting 
italian.ldf    on input line 213.

\AtBeginShipoutBox=\box35
(/usr/local/texlive/2015/texmf-dist/tex/context/base/supp-pdf.mkii
[Loading MPS to PDF converter (version 2006.09.02).]
\scratchcounter=\count148
\scratchdimen=\dimen150
\scratchbox=\box36
\nofMPsegments=\count149
\nofMParguments=\count150
\everyMPshowfont=\toks42
\MPscratchCnt=\count151
\MPscratchDim=\dimen151
\MPnumerator=\count152
\makeMPintoPDFobject=\count153
\everyMPtoPDFconversion=\toks43
)
Package caption Info: Begin \AtBeginDocument code.
Package caption Info: hyperref package is loaded.
Package caption Info: listings package is loaded.
Package caption Info: End \AtBeginDocument code.
Package hyperref Info: Link coloring OFF on input line 213.
 (/usr/local/texlive/2015/texmf-dist/tex/latex/hyperref/nameref.sty
Package: nameref 2012/10/27 v2.43 Cross-referencing by name of section

(/usr/local/texlive/2015/texmf-dist/tex/generic/oberdiek/gettitlestring.sty
Package: gettitlestring 2010/12/03 v1.4 Cleanup title references (HO)
)
\c@section@level=\count154
)
LaTeX Info: Redefining \ref on input line 213.
LaTeX Info: Redefining \pageref on input line 213.
LaTeX Info: Redefining \nameref on input line 213.

(./tesi.out) (./tesi.out)
\@outlinefile=\write3
\openout3 = `tesi.out'.

\c@lstlisting=\count155

<frontespizio.pdf, id=148, 597.55246pt x 845.19763pt>
File: frontespizio.pdf Graphic file (type pdf)
 <use frontespizio.pdf>
Package pdftex.def Info: frontespizio.pdf used on input line 219.
(pdftex.def)             Requested size: 597.551pt x 845.19557pt.
File: frontespizio.pdf Graphic file (type pdf)

<use frontespizio.pdf>
Package pdftex.def Info: frontespizio.pdf used on input line 219.
(pdftex.def)             Requested size: 597.551pt x 845.19557pt.

<frontespizio.pdf, id=151, page=1, 597.55246pt x 845.19763pt>
File: frontespizio.pdf Graphic file (type pdf)

<use frontespizio.pdf, page 1>
Package pdftex.def Info: frontespizio.pdf, page1 used on input line 219.
(pdftex.def)             Requested size: 597.551pt x 845.19557pt.
File: frontespizio.pdf Graphic file (type pdf)
 <use frontespizio.pdf, page 1>
Package pdftex.def Info: frontespizio.pdf, page1 used on input line 219.
(pdftex.def)             Requested size: 597.57834pt x 845.23425pt.
File: frontespizio.pdf Graphic file (type pdf)

<use frontespizio.pdf, page 1>
Package pdftex.def Info: frontespizio.pdf, page1 used on input line 219.
(pdftex.def)             Requested size: 597.57834pt x 845.23425pt.
File: frontespizio.pdf Graphic file (type pdf)
 <use frontespizio.pdf, page 1>
Package pdftex.def Info: frontespizio.pdf, page1 used on input line 219.
(pdftex.def)             Requested size: 597.57834pt x 845.23425pt.

<frontespizio.pdf, id=152, page=2, 597.55246pt x 845.19763pt>
File: frontespizio.pdf Graphic file (type pdf)

<use frontespizio.pdf, page 2>
Package pdftex.def Info: frontespizio.pdf, page2 used on input line 219.
(pdftex.def)             Requested size: 597.57834pt x 845.23425pt.
File: frontespizio.pdf Graphic file (type pdf)
 <use frontespizio.pdf, page 2>
Package pdftex.def Info: frontespizio.pdf, page2 used on input line 219.
(pdftex.def)             Requested size: 597.57834pt x 845.23425pt.
File: frontespizio.pdf Graphic file (type pdf)

<use frontespizio.pdf, page 1>
Package pdftex.def Info: frontespizio.pdf, page1 used on input line 219.
(pdftex.def)             Requested size: 597.57834pt x 845.23425pt.
 [1


 <./frontespizio.pdf>]
File: frontespizio.pdf Graphic file (type pdf)

<use frontespizio.pdf, page 2>
Package pdftex.def Info: frontespizio.pdf, page2 used on input line 219.
(pdftex.def)             Requested size: 597.57834pt x 845.23425pt.
 [2 <./frontespizio.pdf>] (./tesi.toc
LaTeX Font Info:    Try loading font information for U+msa on input line 4.

(/usr/local/texlive/2015/texmf-dist/tex/latex/amsfonts/umsa.fd
File: umsa.fd 2013/01/14 v3.01 AMS symbols A
)
LaTeX Font Info:    Try loading font information for U+msb on input line 4.

(/usr/local/texlive/2015/texmf-dist/tex/latex/amsfonts/umsb.fd
File: umsb.fd 2013/01/14 v3.01 AMS symbols B
)
LaTeX Font Info:    Try loading font information for U+esint on input line 4.

(/usr/local/texlive/2015/texmf-dist/tex/latex/esint/uesint.fd
File: uesint.fd 
)
<logo.png, id=194, 298.86656pt x 621.82312pt>
File: logo.png Graphic file (type png)
 <use logo.png>
Package pdftex.def Info: logo.png used on input line 34.
(pdftex.def)             Requested size: 298.86581pt x 621.8216pt.
pdfTeX warning (ext4): destination with the same identifier (name{page.I}) has 
been already used, duplicate ignored
<to be read again> 
                   \relax 
l.34 ...e {1.2}Trusted Computing}{31}{section.1.2}
                                                   [1

{/usr/local/texlive/2015/texmf-var/fonts/map/pdftex/updmap/pdftex.map} <./logo.
png>])
\tf@toc=\write4
\openout4 = `tesi.toc'.


<intestazione.pdf, id=220, 500.83109pt x 39.86896pt>
File: intestazione.pdf Graphic file (type pdf)
 <use intestazione.pdf>
Package pdftex.def Info: intestazione.pdf used on input line 226.
(pdftex.def)             Requested size: 426.79135pt x 33.97575pt.
File: logo.png Graphic file (type png)

<use logo.png>
Package pdftex.def Info: logo.png used on input line 226.
(pdftex.def)             Requested size: 298.86581pt x 621.8216pt.
pdfTeX warning (ext4): destination with the same identifier (name{page.II}) has
 been already used, duplicate ignored
<to be read again> 
                   \relax 
l.226 \listoffigures
                     [2 <./intestazione.pdf>] (./tesi.lof
File: logo.png Graphic file (type png)
 <use logo.png>
Package pdftex.def Info: logo.png used on input line 27.
(pdftex.def)             Requested size: 298.86581pt x 621.8216pt.

[3

])
\tf@lof=\write5
\openout5 = `tesi.lof'.

File: intestazione.pdf Graphic file (type pdf)
 <use intestazione.pdf>
Package pdftex.def Info: intestazione.pdf used on input line 229.
(pdftex.def)             Requested size: 426.79135pt x 33.97575pt.
File: logo.png Graphic file (type png)
 <use logo.png>
Package pdftex.def Info: logo.png used on input line 229.
(pdftex.def)             Requested size: 298.86581pt x 621.8216pt.
 [4] (./tesi.lot)
\tf@lot=\write6
\openout6 = `tesi.lot'.

File: logo.png Graphic file (type png)
 <use logo.png>
Package pdftex.def Info: logo.png used on input line 235.
(pdftex.def)             Requested size: 298.86581pt x 621.8216pt.

[5

] (./introduzione.tex) (./introduction.tex
File: logo.png Graphic file (type png)
 <use logo.png>
Package pdftex.def Info: logo.png used on input line 8.
(pdftex.def)             Requested size: 298.86581pt x 621.8216pt.
 [1


])
(./capitolo1/capitolo1.tex
File: logo.png Graphic file (type png)
 <use logo.png>
Package pdftex.def Info: logo.png used on input line 8.
(pdftex.def)             Requested size: 298.86581pt x 621.8216pt.
 [2

]
Chapter 1.
File: logo.png Graphic file (type png)
<use logo.png>
Package pdftex.def Info: logo.png used on input line 25.
(pdftex.def)             Requested size: 298.86581pt x 621.8216pt.
 [3

] <images/firstpuf.png, id=375, 627.34375pt x 168.63pt>
File: images/firstpuf.png Graphic file (type png)

<use images/firstpuf.png>
Package pdftex.def Info: images/firstpuf.png used on input line 26.
(pdftex.def)             Requested size: 407.7686pt x 109.60818pt.


Package caption Warning: The option `hypcap=true' will be ignored for this
(caption)                particular \caption on input line 27.
See the caption package documentation for explanation.

File: intestazione.pdf Graphic file (type pdf)
<use intestazione.pdf>
Package pdftex.def Info: intestazione.pdf used on input line 41.
(pdftex.def)             Requested size: 426.79135pt x 33.97575pt.
File: logo.png Graphic file (type png)
 <use logo.png>
Package pdftex.def Info: logo.png used on input line 41.
(pdftex.def)             Requested size: 298.86581pt x 621.8216pt.
 [4 <./images/firstpuf.png>]
File: intestazione.pdf Graphic file (type pdf)

<use intestazione.pdf>
Package pdftex.def Info: intestazione.pdf used on input line 57.
(pdftex.def)             Requested size: 426.79135pt x 33.97575pt.
File: logo.png Graphic file (type png)
 <use logo.png>
Package pdftex.def Info: logo.png used on input line 57.
(pdftex.def)             Requested size: 298.86581pt x 621.8216pt.
 [5]
File: intestazione.pdf Graphic file (type pdf)
 <use intestazione.pdf>
Package pdftex.def Info: intestazione.pdf used on input line 71.
(pdftex.def)             Requested size: 426.79135pt x 33.97575pt.
File: logo.png Graphic file (type png)

<use logo.png>
Package pdftex.def Info: logo.png used on input line 71.
(pdftex.def)             Requested size: 298.86581pt x 621.8216pt.
 [6]

LaTeX Warning: Citation `maes2010intrinsic' on page 7 undefined on input line 8
6.

File: intestazione.pdf Graphic file (type pdf)
<use intestazione.pdf>
Package pdftex.def Info: intestazione.pdf used on input line 91.
(pdftex.def)             Requested size: 426.79135pt x 33.97575pt.
File: logo.png Graphic file (type png)
 <use logo.png>
Package pdftex.def Info: logo.png used on input line 91.
(pdftex.def)             Requested size: 298.86581pt x 621.8216pt.
 [7]
File: intestazione.pdf Graphic file (type pdf)
 <use intestazione.pdf>
Package pdftex.def Info: intestazione.pdf used on input line 105.
(pdftex.def)             Requested size: 426.79135pt x 33.97575pt.
File: logo.png Graphic file (type png)

<use logo.png>
Package pdftex.def Info: logo.png used on input line 105.
(pdftex.def)             Requested size: 298.86581pt x 621.8216pt.
 [8]
File: intestazione.pdf Graphic file (type pdf)
 <use intestazione.pdf>
Package pdftex.def Info: intestazione.pdf used on input line 118.
(pdftex.def)             Requested size: 426.79135pt x 33.97575pt.
File: logo.png Graphic file (type png)
 <use logo.png>
Package pdftex.def Info: logo.png used on input line 118.
(pdftex.def)             Requested size: 298.86581pt x 621.8216pt.
 [9]
File: intestazione.pdf Graphic file (type pdf)

<use intestazione.pdf>
Package pdftex.def Info: intestazione.pdf used on input line 131.
(pdftex.def)             Requested size: 426.79135pt x 33.97575pt.
File: logo.png Graphic file (type png)
 <use logo.png>
Package pdftex.def Info: logo.png used on input line 131.
(pdftex.def)             Requested size: 298.86581pt x 621.8216pt.
 [10]
<images/arbiterpuf.png, id=463, 1310.8975pt x 489.83pt>
File: images/arbiterpuf.png Graphic file (type png)

<use images/arbiterpuf.png>
Package pdftex.def Info: images/arbiterpuf.png used on input line 140.
(pdftex.def)             Requested size: 327.72357pt x 122.4572pt.


Package caption Warning: The option `hypcap=true' will be ignored for this
(caption)                particular \caption on input line 141.
See the caption package documentation for explanation.

File: intestazione.pdf Graphic file (type pdf)
<use intestazione.pdf>
Package pdftex.def Info: intestazione.pdf used on input line 156.
(pdftex.def)             Requested size: 426.79135pt x 33.97575pt.
File: logo.png Graphic file (type png)
 <use logo.png>
Package pdftex.def Info: logo.png used on input line 156.
(pdftex.def)             Requested size: 298.86581pt x 621.8216pt.
 [11 <./images/arbiterpuf.png>]
File: intestazione.pdf Graphic file (type pdf)

<use intestazione.pdf>
Package pdftex.def Info: intestazione.pdf used on input line 156.
(pdftex.def)             Requested size: 426.79135pt x 33.97575pt.
File: logo.png Graphic file (type png)
 <use logo.png>
Package pdftex.def Info: logo.png used on input line 156.
(pdftex.def)             Requested size: 298.86581pt x 621.8216pt.
 [12]
<images/pdl1.png, id=494, 516.93124pt x 356.33125pt>
File: images/pdl1.png Graphic file (type png)
 <use images/pdl1.png>
Package pdftex.def Info: images/pdl1.png used on input line 157.
(pdftex.def)             Requested size: 206.76883pt x 142.52997pt.


Package caption Warning: The option `hypcap=true' will be ignored for this
(caption)                particular \caption on input line 158.
See the caption package documentation for explanation.

<images/delaycharacterizationcircuit.png, id=496, 489.83pt x 171.64125pt>
File: images/delaycharacterizationcircuit.png Graphic file (type png)

<use images/delaycharacterizationcircuit.png>
Package pdftex.def Info: images/delaycharacterizationcircuit.png used on input 
line 166.
(pdftex.def)             Requested size: 244.9144pt x 85.8204pt.


Package caption Warning: The option `hypcap=true' will be ignored for this
(caption)                particular \caption on input line 167.
See the caption package documentation for explanation.

<images/pdl2.png, id=499, 486.81876pt x 210.7875pt>
File: images/pdl2.png Graphic file (type png)
 <use images/pdl2.png>
Package pdftex.def Info: images/pdl2.png used on input line 173.
(pdftex.def)             Requested size: 243.40878pt x 105.3935pt.


Package caption Warning: The option `hypcap=true' will be ignored for this
(caption)                particular \caption on input line 174.
See the caption package documentation for explanation.

File: intestazione.pdf Graphic file (type pdf)
<use intestazione.pdf>
Package pdftex.def Info: intestazione.pdf used on input line 174.
(pdftex.def)             Requested size: 426.79135pt x 33.97575pt.
File: logo.png Graphic file (type png)
 <use logo.png>
Package pdftex.def Info: logo.png used on input line 174.
(pdftex.def)             Requested size: 298.86581pt x 621.8216pt.
 [13 <./images/pdl1.png> <./images/delaycharacterizationcircuit.png>]
(/usr/local/texlive/2015/texmf-dist/tex/latex/ucs/data/uni-32.def
File: uni-32.def 2013/05/13 UCS: Unicode data U+2000..U+20FF
)
<images/improvedarbiter.png, id=509, 768.8725pt x 222.8325pt>
File: images/improvedarbiter.png Graphic file (type png)

<use images/improvedarbiter.png>
Package pdftex.def Info: images/improvedarbiter.png used on input line 183.
(pdftex.def)             Requested size: 384.4353pt x 111.41597pt.


Package caption Warning: The option `hypcap=true' will be ignored for this
(caption)                particular \caption on input line 184.
See the caption package documentation for explanation.

File: intestazione.pdf Graphic file (type pdf)
<use intestazione.pdf>
Package pdftex.def Info: intestazione.pdf used on input line 184.
(pdftex.def)             Requested size: 426.79135pt x 33.97575pt.
File: logo.png Graphic file (type png)
 <use logo.png>
Package pdftex.def Info: logo.png used on input line 184.
(pdftex.def)             Requested size: 298.86581pt x 621.8216pt.
 [14 <./images/pdl2.png>]
<images/ringoscillator.png, id=521, 585.18625pt x 157.58875pt>
File: images/ringoscillator.png Graphic file (type png)

<use images/ringoscillator.png>
Package pdftex.def Info: images/ringoscillator.png used on input line 194.
(pdftex.def)             Requested size: 234.07034pt x 63.03436pt.


Package caption Warning: The option `hypcap=true' will be ignored for this
(caption)                particular \caption on input line 195.
See the caption package documentation for explanation.

File: intestazione.pdf Graphic file (type pdf)
<use intestazione.pdf>
Package pdftex.def Info: intestazione.pdf used on input line 200.
(pdftex.def)             Requested size: 426.79135pt x 33.97575pt.
File: logo.png Graphic file (type png)
 <use logo.png>
Package pdftex.def Info: logo.png used on input line 200.
(pdftex.def)             Requested size: 298.86581pt x 621.8216pt.
 [15 <./images/improvedarbiter.png> <./images/ringoscillator.png>]
<images/ringoscillatorpuf.png, id=530, 477.785pt x 269.005pt>
File: images/ringoscillatorpuf.png Graphic file (type png)

<use images/ringoscillatorpuf.png>
Package pdftex.def Info: images/ringoscillatorpuf.png used on input line 201.
(pdftex.def)             Requested size: 286.6732pt x 161.40424pt.


Package caption Warning: The option `hypcap=true' will be ignored for this
(caption)                particular \caption on input line 202.
See the caption package documentation for explanation.

File: intestazione.pdf Graphic file (type pdf)
<use intestazione.pdf>
Package pdftex.def Info: intestazione.pdf used on input line 210.
(pdftex.def)             Requested size: 426.79135pt x 33.97575pt.
File: logo.png Graphic file (type png)
 <use logo.png>
Package pdftex.def Info: logo.png used on input line 210.
(pdftex.def)             Requested size: 298.86581pt x 621.8216pt.
 [16 <./images/ringoscillatorpuf.png>]
<images/ringoscillatorsumpuf.png, id=547, 421.575pt x 172.645pt>
File: images/ringoscillatorsumpuf.png Graphic file (type png)

<use images/ringoscillatorsumpuf.png>
Package pdftex.def Info: images/ringoscillatorsumpuf.png used on input line 211
.
(pdftex.def)             Requested size: 274.0205pt x 112.21791pt.


Package caption Warning: The option `hypcap=true' will be ignored for this
(caption)                particular \caption on input line 212.
See the caption package documentation for explanation.

<images/andersonpuf.png, id=550, 523.9575pt x 361.35pt>
File: images/andersonpuf.png Graphic file (type png)

<use images/andersonpuf.png>
Package pdftex.def Info: images/andersonpuf.png used on input line 220.
(pdftex.def)             Requested size: 209.57928pt x 144.53743pt.


Package caption Warning: The option `hypcap=true' will be ignored for this
(caption)                particular \caption on input line 221.
See the caption package documentation for explanation.

File: intestazione.pdf Graphic file (type pdf)
<use intestazione.pdf>
Package pdftex.def Info: intestazione.pdf used on input line 226.
(pdftex.def)             Requested size: 426.79135pt x 33.97575pt.
File: logo.png Graphic file (type png)
 <use logo.png>
Package pdftex.def Info: logo.png used on input line 226.
(pdftex.def)             Requested size: 298.86581pt x 621.8216pt.
 [17 <./images/ringoscillatorsumpuf.png> <./images/andersonpuf.png>]
File: intestazione.pdf Graphic file (type pdf)
 <use intestazione.pdf>
Package pdftex.def Info: intestazione.pdf used on input line 234.
(pdftex.def)             Requested size: 426.79135pt x 33.97575pt.
File: logo.png Graphic file (type png)
 <use logo.png>
Package pdftex.def Info: logo.png used on input line 234.
(pdftex.def)             Requested size: 298.86581pt x 621.8216pt.
 [18]
<images/andersonpufreal.png, id=572, 462.72874pt x 403.5075pt>
File: images/andersonpufreal.png Graphic file (type png)

<use images/andersonpufreal.png>
Package pdftex.def Info: images/andersonpufreal.png used on input line 242.
(pdftex.def)             Requested size: 185.08821pt x 161.40013pt.


Package caption Warning: The option `hypcap=true' will be ignored for this
(caption)                particular \caption on input line 243.
See the caption package documentation for explanation.

File: intestazione.pdf Graphic file (type pdf)
<use intestazione.pdf>
Package pdftex.def Info: intestazione.pdf used on input line 253.
(pdftex.def)             Requested size: 426.79135pt x 33.97575pt.
File: logo.png Graphic file (type png)
 <use logo.png>
Package pdftex.def Info: logo.png used on input line 253.
(pdftex.def)             Requested size: 298.86581pt x 621.8216pt.
 [19 <./images/andersonpufreal.png>]
<images/ehnancedpuf.png, id=585, 561.09625pt x 304.13625pt>
File: images/ehnancedpuf.png Graphic file (type png)

<use images/ehnancedpuf.png>
Package pdftex.def Info: images/ehnancedpuf.png used on input line 254.
(pdftex.def)             Requested size: 308.60388pt x 167.27545pt.


Package caption Warning: The option `hypcap=true' will be ignored for this
(caption)                particular \caption on input line 255.
See the caption package documentation for explanation.


Underfull \hbox (badness 10000) in paragraph at lines 260--266

 []

File: intestazione.pdf Graphic file (type pdf)
<use intestazione.pdf>
Package pdftex.def Info: intestazione.pdf used on input line 266.
(pdftex.def)             Requested size: 426.79135pt x 33.97575pt.
File: logo.png Graphic file (type png)
 <use logo.png>
Package pdftex.def Info: logo.png used on input line 266.
(pdftex.def)             Requested size: 298.86581pt x 621.8216pt.
 [20 <./images/ehnancedpuf.png>]
<images/alupuf.png, id=601, 423.5825pt x 353.32pt>
File: images/alupuf.png Graphic file (type png)
 <use images/alupuf.png>
Package pdftex.def Info: images/alupuf.png used on input line 267.
(pdftex.def)             Requested size: 254.15146pt x 211.99364pt.


Package caption Warning: The option `hypcap=true' will be ignored for this
(caption)                particular \caption on input line 268.
See the caption package documentation for explanation.

File: intestazione.pdf Graphic file (type pdf)
<use intestazione.pdf>
Package pdftex.def Info: intestazione.pdf used on input line 274.
(pdftex.def)             Requested size: 426.79135pt x 33.97575pt.
File: logo.png Graphic file (type png)
 <use logo.png>
Package pdftex.def Info: logo.png used on input line 274.
(pdftex.def)             Requested size: 298.86581pt x 621.8216pt.
 [21 <./images/alupuf.png>]
<images/sramcell.png, id=609, 401.5pt x 301.125pt>
File: images/sramcell.png Graphic file (type png)
 <use images/sramcell.png>
Package pdftex.def Info: images/sramcell.png used on input line 285.
(pdftex.def)             Requested size: 170.71718pt x 128.03845pt.

<images/sram_cell_graph.pdf, id=610, 897.3525pt x 879.285pt>
File: images/sram_cell_graph.pdf Graphic file (type pdf)

<use images/sram_cell_graph.pdf>
Package pdftex.def Info: images/sram_cell_graph.pdf used on input line 291.
(pdftex.def)             Requested size: 170.71718pt x 167.28055pt.
File: intestazione.pdf Graphic file (type pdf)
 <use intestazione.pdf>
Package pdftex.def Info: intestazione.pdf used on input line 302.
(pdftex.def)             Requested size: 426.79135pt x 33.97575pt.
File: logo.png Graphic file (type png)
 <use logo.png>
Package pdftex.def Info: logo.png used on input line 302.
(pdftex.def)             Requested size: 298.86581pt x 621.8216pt.
 [22]
File: intestazione.pdf Graphic file (type pdf)

<use intestazione.pdf>
Package pdftex.def Info: intestazione.pdf used on input line 310.
(pdftex.def)             Requested size: 426.79135pt x 33.97575pt.
File: logo.png Graphic file (type png)
 <use logo.png>
Package pdftex.def Info: logo.png used on input line 310.
(pdftex.def)             Requested size: 298.86581pt x 621.8216pt.
 [23 <./images/sramcell.png> <./images/sram_cell_graph.pdf>]
File: intestazione.pdf Graphic file (type pdf)
 <use intestazione.pdf>
Package pdftex.def Info: intestazione.pdf used on input line 319.
(pdftex.def)             Requested size: 426.79135pt x 33.97575pt.
File: logo.png Graphic file (type png)
 <use logo.png>
Package pdftex.def Info: logo.png used on input line 319.
(pdftex.def)             Requested size: 298.86581pt x 621.8216pt.
 [24]
<images/butterflypuf.png, id=689, 342.27875pt x 227.85126pt>
File: images/butterflypuf.png Graphic file (type png)

<use images/butterflypuf.png>
Package pdftex.def Info: images/butterflypuf.png used on input line 323.
(pdftex.def)             Requested size: 171.13895pt x 113.92534pt.


Package caption Warning: The option `hypcap=true' will be ignored for this
(caption)                particular \caption on input line 324.
See the caption package documentation for explanation.

<images/ffbutterflypuf.png, id=690, 429.605pt x 476.78125pt>
File: images/ffbutterflypuf.png Graphic file (type png)

<use images/ffbutterflypuf.png>
Package pdftex.def Info: images/ffbutterflypuf.png used on input line 329.
(pdftex.def)             Requested size: 171.83894pt x 190.7091pt.


Package caption Warning: The option `hypcap=true' will be ignored for this
(caption)                particular \caption on input line 330.
See the caption package documentation for explanation.

File: intestazione.pdf Graphic file (type pdf)
<use intestazione.pdf>
Package pdftex.def Info: intestazione.pdf used on input line 335.
(pdftex.def)             Requested size: 426.79135pt x 33.97575pt.
File: logo.png Graphic file (type png)
 <use logo.png>
Package pdftex.def Info: logo.png used on input line 335.
(pdftex.def)             Requested size: 298.86581pt x 621.8216pt.
 [25 <./images/butterflypuf.png> <./images/ffbutterflypuf.png>]
File: intestazione.pdf Graphic file (type pdf)
 <use intestazione.pdf>
Package pdftex.def Info: intestazione.pdf used on input line 347.
(pdftex.def)             Requested size: 426.79135pt x 33.97575pt.
File: logo.png Graphic file (type png)
 <use logo.png>
Package pdftex.def Info: logo.png used on input line 347.
(pdftex.def)             Requested size: 298.86581pt x 621.8216pt.
 [26]
<images/compositepuf.png, id=714, 659.46375pt x 213.79875pt>
File: images/compositepuf.png Graphic file (type png)

<use images/compositepuf.png>
Package pdftex.def Info: images/compositepuf.png used on input line 354.
(pdftex.def)             Requested size: 329.73106pt x 106.89911pt.


Package caption Warning: The option `hypcap=true' will be ignored for this
(caption)                particular \caption on input line 355.
See the caption package documentation for explanation.

File: intestazione.pdf Graphic file (type pdf)
<use intestazione.pdf>
Package pdftex.def Info: intestazione.pdf used on input line 364.
(pdftex.def)             Requested size: 426.79135pt x 33.97575pt.
File: logo.png Graphic file (type png)
 <use logo.png>
Package pdftex.def Info: logo.png used on input line 364.
(pdftex.def)             Requested size: 298.86581pt x 621.8216pt.
 [27 <./images/compositepuf.png>]
<images/controlledpuf.png, id=723, 759.83875pt x 302.12875pt>
File: images/controlledpuf.png Graphic file (type png)

<use images/controlledpuf.png>
Package pdftex.def Info: images/controlledpuf.png used on input line 371.
(pdftex.def)             Requested size: 303.93011pt x 120.84935pt.


Package caption Warning: The option `hypcap=true' will be ignored for this
(caption)                particular \caption on input line 372.
See the caption package documentation for explanation.

File: intestazione.pdf Graphic file (type pdf)
<use intestazione.pdf>
Package pdftex.def Info: intestazione.pdf used on input line 376.
(pdftex.def)             Requested size: 426.79135pt x 33.97575pt.
File: logo.png Graphic file (type png)
 <use logo.png>
Package pdftex.def Info: logo.png used on input line 376.
(pdftex.def)             Requested size: 298.86581pt x 621.8216pt.
 [28 <./images/controlledpuf.png>]
File: intestazione.pdf Graphic file (type pdf)

<use intestazione.pdf>
Package pdftex.def Info: intestazione.pdf used on input line 393.
(pdftex.def)             Requested size: 426.79135pt x 33.97575pt.
File: logo.png Graphic file (type png)
 <use logo.png>
Package pdftex.def Info: logo.png used on input line 393.
(pdftex.def)             Requested size: 298.86581pt x 621.8216pt.
 [29]
Underfull \hbox (badness 10000) in paragraph at lines 397--397
[][][]\OT1/cmr/m/n/10 http://www.nxp.com/news/press-releases/2013/02/nxp-streng
thens-smartmx2-security-
 []


Underfull \hbox (badness 10000) in paragraph at lines 397--397
[][][]\OT1/cmr/m/n/10 http://www.nasdaq.com/press-release/nxp-secure-element-ad
opted-by-samsung-galaxy-s6-in-
 []

File: intestazione.pdf Graphic file (type pdf)
<use intestazione.pdf>
Package pdftex.def Info: intestazione.pdf used on input line 399.
(pdftex.def)             Requested size: 426.79135pt x 33.97575pt.
File: logo.png Graphic file (type png)
 <use logo.png>
Package pdftex.def Info: logo.png used on input line 399.
(pdftex.def)             Requested size: 298.86581pt x 621.8216pt.
 [30]
File: intestazione.pdf Graphic file (type pdf)
 <use intestazione.pdf>
Package pdftex.def Info: intestazione.pdf used on input line 412.
(pdftex.def)             Requested size: 426.79135pt x 33.97575pt.
File: logo.png Graphic file (type png)

<use logo.png>
Package pdftex.def Info: logo.png used on input line 412.
(pdftex.def)             Requested size: 298.86581pt x 621.8216pt.
 [31] <images/teearchitecture.png, id=771, 971.63pt x 742.775pt>
File: images/teearchitecture.png Graphic file (type png)

<use images/teearchitecture.png>
Package pdftex.def Info: images/teearchitecture.png used on input line 413.
(pdftex.def)             Requested size: 320.63889pt x 245.1165pt.


Package caption Warning: The option `hypcap=true' will be ignored for this
(caption)                particular \caption on input line 414.
See the caption package documentation for explanation.

File: intestazione.pdf Graphic file (type pdf)
<use intestazione.pdf>
Package pdftex.def Info: intestazione.pdf used on input line 422.
(pdftex.def)             Requested size: 426.79135pt x 33.97575pt.
File: logo.png Graphic file (type png)
 <use logo.png>
Package pdftex.def Info: logo.png used on input line 422.
(pdftex.def)             Requested size: 298.86581pt x 621.8216pt.
 [32 <./images/teearchitecture.png>]
<images/teesoftware.png, id=782, 949.5475pt x 594.22pt>
File: images/teesoftware.png Graphic file (type png)

<use images/teesoftware.png>
Package pdftex.def Info: images/teesoftware.png used on input line 423.
(pdftex.def)             Requested size: 332.3466pt x 207.98012pt.


Package caption Warning: The option `hypcap=true' will be ignored for this
(caption)                particular \caption on input line 424.
See the caption package documentation for explanation.


Underfull \hbox (badness 10000) in paragraph at lines 427--429

 []

<images/teeboot.png, id=783, 1303.87125pt x 926.46124pt>
File: images/teeboot.png Graphic file (type png)

<use images/teeboot.png>
Package pdftex.def Info: images/teeboot.png used on input line 430.
(pdftex.def)             Requested size: 325.96701pt x 231.61473pt.


Package caption Warning: The option `hypcap=true' will be ignored for this
(caption)                particular \caption on input line 431.
See the caption package documentation for explanation.

File: intestazione.pdf Graphic file (type pdf)
<use intestazione.pdf>
Package pdftex.def Info: intestazione.pdf used on input line 431.
(pdftex.def)             Requested size: 426.79135pt x 33.97575pt.
File: logo.png Graphic file (type png)
 <use logo.png>
Package pdftex.def Info: logo.png used on input line 431.
(pdftex.def)             Requested size: 298.86581pt x 621.8216pt.
 [33 <./images/teesoftware.png>]
File: intestazione.pdf Graphic file (type pdf)

<use intestazione.pdf>
Package pdftex.def Info: intestazione.pdf used on input line 443.
(pdftex.def)             Requested size: 426.79135pt x 33.97575pt.
File: logo.png Graphic file (type png)
 <use logo.png>
Package pdftex.def Info: logo.png used on input line 443.
(pdftex.def)             Requested size: 298.86581pt x 621.8216pt.
 [34 <./images/teeboot.png>]
<images/tpmv14.png, id=808, 532.99126pt x 312.16624pt>
File: images/tpmv14.png Graphic file (type png)
 <use images/tpmv14.png>
Package pdftex.def Info: images/tpmv14.png used on input line 451.
(pdftex.def)             Requested size: 293.1461pt x 171.69196pt.


Package caption Warning: The option `hypcap=true' will be ignored for this
(caption)                particular \caption on input line 452.
See the caption package documentation for explanation.

File: intestazione.pdf Graphic file (type pdf)
<use intestazione.pdf>
Package pdftex.def Info: intestazione.pdf used on input line 458.
(pdftex.def)             Requested size: 426.79135pt x 33.97575pt.
File: logo.png Graphic file (type png)
 <use logo.png>
Package pdftex.def Info: logo.png used on input line 458.
(pdftex.def)             Requested size: 298.86581pt x 621.8216pt.
 [35 <./images/tpmv14.png>]
File: intestazione.pdf Graphic file (type pdf)

<use intestazione.pdf>
Package pdftex.def Info: intestazione.pdf used on input line 469.
(pdftex.def)             Requested size: 426.79135pt x 33.97575pt.
File: logo.png Graphic file (type png)
 <use logo.png>
Package pdftex.def Info: logo.png used on input line 469.
(pdftex.def)             Requested size: 298.86581pt x 621.8216pt.
 [36]
File: intestazione.pdf Graphic file (type pdf)
 <use intestazione.pdf>
Package pdftex.def Info: intestazione.pdf used on input line 484.
(pdftex.def)             Requested size: 426.79135pt x 33.97575pt.
File: logo.png Graphic file (type png)

<use logo.png>
Package pdftex.def Info: logo.png used on input line 484.
(pdftex.def)             Requested size: 298.86581pt x 621.8216pt.
 [37]
File: intestazione.pdf Graphic file (type pdf)
 <use intestazione.pdf>
Package pdftex.def Info: intestazione.pdf used on input line 496.
(pdftex.def)             Requested size: 426.79135pt x 33.97575pt.
File: logo.png Graphic file (type png)
 <use logo.png>
Package pdftex.def Info: logo.png used on input line 496.
(pdftex.def)             Requested size: 298.86581pt x 621.8216pt.
 [38]

LaTeX Warning: Citation `sumrall2003trusted' on page 39 undefined on input line
 499.


LaTeX Warning: Citation `brickell2004direct' on page 39 undefined on input line
 499.


LaTeX Warning: Citation `chaum1991group' on page 39 undefined on input line 499
.


LaTeX Warning: Citation `brickell2004direct' on page 39 undefined on input line
 499.


LaTeX Warning: Citation `brickell2008new' on page 39 undefined on input line 49
9.


LaTeX Warning: Citation `chen2009daa' on page 39 undefined on input line 501.


LaTeX Warning: Citation `brickell2010pairing' on page 39 undefined on input lin
e 501.


LaTeX Warning: Citation `ge2007direct' on page 39 undefined on input line 502.

File: intestazione.pdf Graphic file (type pdf)
<use intestazione.pdf>
Package pdftex.def Info: intestazione.pdf used on input line 505.
(pdftex.def)             Requested size: 426.79135pt x 33.97575pt.
File: logo.png Graphic file (type png)
 <use logo.png>
Package pdftex.def Info: logo.png used on input line 505.
(pdftex.def)             Requested size: 298.86581pt x 621.8216pt.
 [39]

LaTeX Warning: Citation `wachsmann2010lightweight' on page 40 undefined on inpu
t line 514.


LaTeX Warning: Citation `zhang2014mdaak' on page 40 undefined on input line 517
.


LaTeX Warning: Citation `yang2014lightweight' on page 40 undefined on input lin
e 518.


LaTeX Warning: Citation `yang2015daa' on page 40 undefined on input line 522.


LaTeX Warning: Citation `xi2014direct' on page 40 undefined on input line 529.


LaTeX Warning: Citation `chen2010design' on page 40 undefined on input line 529
.

File: intestazione.pdf Graphic file (type pdf)
<use intestazione.pdf>
Package pdftex.def Info: intestazione.pdf used on input line 531.
(pdftex.def)             Requested size: 426.79135pt x 33.97575pt.
File: logo.png Graphic file (type png)
 <use logo.png>
Package pdftex.def Info: logo.png used on input line 531.
(pdftex.def)             Requested size: 298.86581pt x 621.8216pt.
 [40]
<images/eisenbartharchitecture.png, id=853, 486.81876pt x 309.155pt>
File: images/eisenbartharchitecture.png Graphic file (type png)

<use images/eisenbartharchitecture.png>
Package pdftex.def Info: images/eisenbartharchitecture.png used on input line 5
41.
(pdftex.def)             Requested size: 194.72404pt x 123.6598pt.


Package caption Warning: The option `hypcap=true' will be ignored for this
(caption)                particular \caption on input line 542.
See the caption package documentation for explanation.


Underfull \hbox (badness 10000) in paragraph at lines 545--552

 []

File: intestazione.pdf Graphic file (type pdf)
<use intestazione.pdf>
Package pdftex.def Info: intestazione.pdf used on input line 552.
(pdftex.def)             Requested size: 426.79135pt x 33.97575pt.
File: logo.png Graphic file (type png)
 <use logo.png>
Package pdftex.def Info: logo.png used on input line 552.
(pdftex.def)             Requested size: 298.86581pt x 621.8216pt.
 [41 <./images/eisenbartharchitecture.png>] <images/zynqarchitecture.png, id=86
7, 767.86874pt x 629.35126pt>
File: images/zynqarchitecture.png Graphic file (type png)

<use images/zynqarchitecture.png>
Package pdftex.def Info: images/zynqarchitecture.png used on input line 553.
(pdftex.def)             Requested size: 245.723pt x 201.39651pt.


Package caption Warning: The option `hypcap=true' will be ignored for this
(caption)                particular \caption on input line 554.
See the caption package documentation for explanation.

File: intestazione.pdf Graphic file (type pdf)
<use intestazione.pdf>
Package pdftex.def Info: intestazione.pdf used on input line 556.
(pdftex.def)             Requested size: 426.79135pt x 33.97575pt.
File: logo.png Graphic file (type png)
 <use logo.png>
Package pdftex.def Info: logo.png used on input line 556.
(pdftex.def)             Requested size: 298.86581pt x 621.8216pt.
 [42 <./images/zynqarchitecture.png>]
<images/zynqchainoftrust.png, id=879, 488.82625pt x 158.5925pt>
File: images/zynqchainoftrust.png Graphic file (type png)

<use images/zynqchainoftrust.png>
Package pdftex.def Info: images/zynqchainoftrust.png used on input line 564.
(pdftex.def)             Requested size: 195.52702pt x 63.43585pt.


Package caption Warning: The option `hypcap=true' will be ignored for this
(caption)                particular \caption on input line 565.
See the caption package documentation for explanation.


Underfull \hbox (badness 10000) in paragraph at lines 568--571

 []

File: intestazione.pdf Graphic file (type pdf)
<use intestazione.pdf>
Package pdftex.def Info: intestazione.pdf used on input line 571.
(pdftex.def)             Requested size: 426.79135pt x 33.97575pt.
File: logo.png Graphic file (type png)
 <use logo.png>
Package pdftex.def Info: logo.png used on input line 571.
(pdftex.def)             Requested size: 298.86581pt x 621.8216pt.
 [43 <./images/zynqchainoftrust.png>]
<images/glasprototype.png, id=888, 472.76625pt x 352.31625pt>
File: images/glasprototype.png Graphic file (type png)

<use images/glasprototype.png>
Package pdftex.def Info: images/glasprototype.png used on input line 572.
(pdftex.def)             Requested size: 212.74284pt x 158.54083pt.


Package caption Warning: The option `hypcap=true' will be ignored for this
(caption)                particular \caption on input line 573.
See the caption package documentation for explanation.

File: intestazione.pdf Graphic file (type pdf)
<use intestazione.pdf>
Package pdftex.def Info: intestazione.pdf used on input line 580.
(pdftex.def)             Requested size: 426.79135pt x 33.97575pt.
File: logo.png Graphic file (type png)
 <use logo.png>
Package pdftex.def Info: logo.png used on input line 580.
(pdftex.def)             Requested size: 298.86581pt x 621.8216pt.
 [44 <./images/glasprototype.png>]
<images/choiarchitecture.png, id=900, 404.51125pt x 350.30875pt>
File: images/choiarchitecture.png Graphic file (type png)

<use images/choiarchitecture.png>
Package pdftex.def Info: images/choiarchitecture.png used on input line 590.
(pdftex.def)             Requested size: 161.80162pt x 140.12102pt.


Package caption Warning: The option `hypcap=true' will be ignored for this
(caption)                particular \caption on input line 591.
See the caption package documentation for explanation.

File: intestazione.pdf Graphic file (type pdf)
<use intestazione.pdf>
Package pdftex.def Info: intestazione.pdf used on input line 591.
(pdftex.def)             Requested size: 426.79135pt x 33.97575pt.
File: logo.png Graphic file (type png)
 <use logo.png>
Package pdftex.def Info: logo.png used on input line 591.
(pdftex.def)             Requested size: 298.86581pt x 621.8216pt.
 [45]
<images/teepuf.png, id=912, 1115.16624pt x 625.33624pt>
File: images/teepuf.png Graphic file (type png)

<use images/teepuf.png>
Package pdftex.def Info: images/teepuf.png used on input line 602.
(pdftex.def)             Requested size: 278.79088pt x 156.33368pt.


Package caption Warning: The option `hypcap=true' will be ignored for this
(caption)                particular \caption on input line 603.
See the caption package documentation for explanation.

File: intestazione.pdf Graphic file (type pdf)
<use intestazione.pdf>
Package pdftex.def Info: intestazione.pdf used on input line 609.
(pdftex.def)             Requested size: 426.79135pt x 33.97575pt.
File: logo.png Graphic file (type png)
 <use logo.png>
Package pdftex.def Info: logo.png used on input line 609.
(pdftex.def)             Requested size: 298.86581pt x 621.8216pt.
 [46 <./images/choiarchitecture.png> <./images/teepuf.png>]
File: intestazione.pdf Graphic file (type pdf)
 <use intestazione.pdf>
Package pdftex.def Info: intestazione.pdf used on input line 618.
(pdftex.def)             Requested size: 426.79135pt x 33.97575pt.
File: logo.png Graphic file (type png)
 <use logo.png>
Package pdftex.def Info: logo.png used on input line 618.
(pdftex.def)             Requested size: 298.86581pt x 621.8216pt.
 [47]
Underfull \hbox (badness 10000) in paragraph at lines 623--627

 []

File: intestazione.pdf Graphic file (type pdf)
<use intestazione.pdf>
Package pdftex.def Info: intestazione.pdf used on input line 627.
(pdftex.def)             Requested size: 426.79135pt x 33.97575pt.
File: logo.png Graphic file (type png)
 <use logo.png>
Package pdftex.def Info: logo.png used on input line 627.
(pdftex.def)             Requested size: 298.86581pt x 621.8216pt.
 [48]
<images/trustzonearchitecture.jpg, id=940, 451.6875pt x 261.97874pt>
File: images/trustzonearchitecture.jpg Graphic file (type jpg)

<use images/trustzonearchitecture.jpg>
Package pdftex.def Info: images/trustzonearchitecture.jpg used on input line 62
8.
(pdftex.def)             Requested size: 271.01459pt x 157.18845pt.


Package caption Warning: The option `hypcap=true' will be ignored for this
(caption)                particular \caption on input line 629.
See the caption package documentation for explanation.

File: intestazione.pdf Graphic file (type pdf)
<use intestazione.pdf>
Package pdftex.def Info: intestazione.pdf used on input line 639.
(pdftex.def)             Requested size: 426.79135pt x 33.97575pt.
File: logo.png Graphic file (type png)
 <use logo.png>
Package pdftex.def Info: logo.png used on input line 639.
(pdftex.def)             Requested size: 298.86581pt x 621.8216pt.
 [49 <./images/trustzonearchitecture.jpg>] <images/trustzonesoftware.jpg, id=94
8, 441.65pt x 353.32pt>
File: images/trustzonesoftware.jpg Graphic file (type jpg)

<use images/trustzonesoftware.jpg>
Package pdftex.def Info: images/trustzonesoftware.jpg used on input line 640.
(pdftex.def)             Requested size: 264.99203pt x 211.99364pt.


Package caption Warning: The option `hypcap=true' will be ignored for this
(caption)                particular \caption on input line 641.
See the caption package documentation for explanation.

File: intestazione.pdf Graphic file (type pdf)
<use intestazione.pdf>
Package pdftex.def Info: intestazione.pdf used on input line 648.
(pdftex.def)             Requested size: 426.79135pt x 33.97575pt.
File: logo.png Graphic file (type png)
 <use logo.png>
Package pdftex.def Info: logo.png used on input line 648.
(pdftex.def)             Requested size: 298.86581pt x 621.8216pt.
 [50 <./images/trustzonesoftware.jpg>]
<images/zhaotee.png, id=962, 677.53125pt x 499.8675pt>
File: images/zhaotee.png Graphic file (type png)

<use images/zhaotee.png>
Package pdftex.def Info: images/zhaotee.png used on input line 654.
(pdftex.def)             Requested size: 271.00769pt x 199.94345pt.


Package caption Warning: The option `hypcap=true' will be ignored for this
(caption)                particular \caption on input line 655.
See the caption package documentation for explanation.

File: intestazione.pdf Graphic file (type pdf)
<use intestazione.pdf>
Package pdftex.def Info: intestazione.pdf used on input line 661.
(pdftex.def)             Requested size: 426.79135pt x 33.97575pt.
File: logo.png Graphic file (type png)
 <use logo.png>
Package pdftex.def Info: logo.png used on input line 661.
(pdftex.def)             Requested size: 298.86581pt x 621.8216pt.
 [51 <./images/zhaotee.png>]
<images/zhaochainoftrust.png, id=970, 681.54625pt x 145.54375pt>
File: images/zhaochainoftrust.png Graphic file (type png)

<use images/zhaochainoftrust.png>
Package pdftex.def Info: images/zhaochainoftrust.png used on input line 662.
(pdftex.def)             Requested size: 272.61366pt x 58.21646pt.


Package caption Warning: The option `hypcap=true' will be ignored for this
(caption)                particular \caption on input line 663.
See the caption package documentation for explanation.

File: intestazione.pdf Graphic file (type pdf)
<use intestazione.pdf>
Package pdftex.def Info: intestazione.pdf used on input line 675.
(pdftex.def)             Requested size: 426.79135pt x 33.97575pt.
File: logo.png Graphic file (type png)
 <use logo.png>
Package pdftex.def Info: logo.png used on input line 675.
(pdftex.def)             Requested size: 298.86581pt x 621.8216pt.
 [52 <./images/zhaochainoftrust.png>]
File: intestazione.pdf Graphic file (type pdf)

<use intestazione.pdf>
Package pdftex.def Info: intestazione.pdf used on input line 675.
(pdftex.def)             Requested size: 426.79135pt x 33.97575pt.
File: logo.png Graphic file (type png)
 <use logo.png>
Package pdftex.def Info: logo.png used on input line 675.
(pdftex.def)             Requested size: 298.86581pt x 621.8216pt.
 [53]) (./capitolo2/capitolo2.tex
File: intestazione.pdf Graphic file (type pdf)

<use intestazione.pdf>
Package pdftex.def Info: intestazione.pdf used on input line 14.
(pdftex.def)             Requested size: 426.79135pt x 33.97575pt.
File: logo.png Graphic file (type png)
 <use logo.png>
Package pdftex.def Info: logo.png used on input line 14.
(pdftex.def)             Requested size: 298.86581pt x 621.8216pt.
 [54]
Chapter 2.
) (./capitolo3/capitolo3.tex
File: logo.png Graphic file (type png)
 <use logo.png>
Package pdftex.def Info: logo.png used on input line 14.
(pdftex.def)             Requested size: 298.86581pt x 621.8216pt.
 [55

]
Chapter 3.
) (./capitolo4/capitolo4.tex
File: logo.png Graphic file (type png)
 <use logo.png>
Package pdftex.def Info: logo.png used on input line 15.
(pdftex.def)             Requested size: 298.86581pt x 621.8216pt.
 [56

]
Chapter 4.
) (./conclusioni e sviluppi futuri.tex
File: logo.png Graphic file (type png)
 <use logo.png>
Package pdftex.def Info: logo.png used on input line 8.
(pdftex.def)             Requested size: 298.86581pt x 621.8216pt.
 [57

]
Chapter 5.
) (./appendicea.tex
File: logo.png Graphic file (type png)
 <use logo.png>
Package pdftex.def Info: logo.png used on input line 12.
(pdftex.def)             Requested size: 298.86581pt x 621.8216pt.
 [58

]

LaTeX Warning: Citation `wachsmann2010lightweight' on page 59 undefined on inpu
t line 21.


LaTeX Warning: Citation `zhang2014mdaak' on page 59 undefined on input line 24.



LaTeX Warning: Citation `yang2014lightweight' on page 59 undefined on input lin
e 25.


LaTeX Warning: Citation `yang2015daa' on page 59 undefined on input line 29.


LaTeX Warning: Citation `xi2014direct' on page 59 undefined on input line 36.


LaTeX Warning: Citation `chen2010design' on page 59 undefined on input line 36.


File: logo.png Graphic file (type png)
<use logo.png>
Package pdftex.def Info: logo.png used on input line 37.
(pdftex.def)             Requested size: 298.86581pt x 621.8216pt.
 [59

])
File: intestazione.pdf Graphic file (type pdf)
 <use intestazione.pdf>
Package pdftex.def Info: intestazione.pdf used on input line 268.
(pdftex.def)             Requested size: 426.79135pt x 33.97575pt.
File: logo.png Graphic file (type png)
 <use logo.png>
Package pdftex.def Info: logo.png used on input line 268.
(pdftex.def)             Requested size: 298.86581pt x 621.8216pt.
 [60] (./tesi.bbl
File: logo.png Graphic file (type png)

<use logo.png>
Package pdftex.def Info: logo.png used on input line 66.
(pdftex.def)             Requested size: 298.86581pt x 621.8216pt.
 [61



]
File: intestazione.pdf Graphic file (type pdf)
 <use intestazione.pdf>
Package pdftex.def Info: intestazione.pdf used on input line 112.
(pdftex.def)             Requested size: 426.79135pt x 33.97575pt.
File: logo.png Graphic file (type png)
 <use logo.png>
Package pdftex.def Info: logo.png used on input line 112.
(pdftex.def)             Requested size: 298.86581pt x 621.8216pt.
 [62]
File: intestazione.pdf Graphic file (type pdf)

<use intestazione.pdf>
Package pdftex.def Info: intestazione.pdf used on input line 158.
(pdftex.def)             Requested size: 426.79135pt x 33.97575pt.
File: logo.png Graphic file (type png)
 <use logo.png>
Package pdftex.def Info: logo.png used on input line 158.
(pdftex.def)             Requested size: 298.86581pt x 621.8216pt.
 [63]
File: intestazione.pdf Graphic file (type pdf)
 <use intestazione.pdf>
Package pdftex.def Info: intestazione.pdf used on input line 206.
(pdftex.def)             Requested size: 426.79135pt x 33.97575pt.
File: logo.png Graphic file (type png)

<use logo.png>
Package pdftex.def Info: logo.png used on input line 206.
(pdftex.def)             Requested size: 298.86581pt x 621.8216pt.
 [64]
File: intestazione.pdf Graphic file (type pdf)
 <use intestazione.pdf>
Package pdftex.def Info: intestazione.pdf used on input line 248.
(pdftex.def)             Requested size: 426.79135pt x 33.97575pt.
File: logo.png Graphic file (type png)
 <use logo.png>
Package pdftex.def Info: logo.png used on input line 248.
(pdftex.def)             Requested size: 298.86581pt x 621.8216pt.
 [65]
File: intestazione.pdf Graphic file (type pdf)

<use intestazione.pdf>
Package pdftex.def Info: intestazione.pdf used on input line 290.
(pdftex.def)             Requested size: 426.79135pt x 33.97575pt.
File: logo.png Graphic file (type png)
 <use logo.png>
Package pdftex.def Info: logo.png used on input line 290.
(pdftex.def)             Requested size: 298.86581pt x 621.8216pt.
 [66]
File: intestazione.pdf Graphic file (type pdf)
 <use intestazione.pdf>
Package pdftex.def Info: intestazione.pdf used on input line 336.
(pdftex.def)             Requested size: 426.79135pt x 33.97575pt.
File: logo.png Graphic file (type png)

<use logo.png>
Package pdftex.def Info: logo.png used on input line 336.
(pdftex.def)             Requested size: 298.86581pt x 621.8216pt.
 [67]
File: intestazione.pdf Graphic file (type pdf)
 <use intestazione.pdf>
Package pdftex.def Info: intestazione.pdf used on input line 387.
(pdftex.def)             Requested size: 426.79135pt x 33.97575pt.
File: logo.png Graphic file (type png)
 <use logo.png>
Package pdftex.def Info: logo.png used on input line 387.
(pdftex.def)             Requested size: 298.86581pt x 621.8216pt.
 [68]
File: intestazione.pdf Graphic file (type pdf)

<use intestazione.pdf>
Package pdftex.def Info: intestazione.pdf used on input line 428.
(pdftex.def)             Requested size: 426.79135pt x 33.97575pt.
File: logo.png Graphic file (type png)
 <use logo.png>
Package pdftex.def Info: logo.png used on input line 428.
(pdftex.def)             Requested size: 298.86581pt x 621.8216pt.
 [69])
Package atveryend Info: Empty hook `BeforeClearDocument' on input line 285.
File: intestazione.pdf Graphic file (type pdf)
 <use intestazione.pdf>
Package pdftex.def Info: intestazione.pdf used on input line 285.
(pdftex.def)             Requested size: 426.79135pt x 33.97575pt.
File: logo.png Graphic file (type png)

<use logo.png>
Package pdftex.def Info: logo.png used on input line 285.
(pdftex.def)             Requested size: 298.86581pt x 621.8216pt.
 [70]
Package atveryend Info: Empty hook `AfterLastShipout' on input line 285.
 (./tesi.aux)
Package atveryend Info: Executing hook `AtVeryEndDocument' on input line 285.
Package atveryend Info: Executing hook `AtEndAfterFileList' on input line 285.
Package rerunfilecheck Info: File `tesi.out' has not changed.
(rerunfilecheck)             Checksum: 11A6B6AA32EEF743E4FA0067781003BA;6566.


LaTeX Warning: There were undefined references.


LaTeX Warning: There were multiply-defined labels.

 ) 
Here is how much of TeX's memory you used:
 17262 strings out of 493089
 249399 string characters out of 6134842
 352731 words of memory out of 5000000
 20122 multiletter control sequences out of 15000+600000
 14177 words of font info for 58 fonts, out of 8000000 for 9000
 1141 hyphenation exceptions out of 8191
 46i,18n,76p,1098b,1065s stack positions out of 5000i,500n,10000p,200000b,80000s
{/usr/local/texlive/2015/texmf-dist/fonts/enc/dvips/cm-super/cm-super-ts1.enc
}</usr/local/texlive/2015/texmf-dist/fonts/type1/public/amsfonts/cm/cmbx12.pfb>
</usr/local/texlive/2015/texmf-dist/fonts/type1/public/amsfonts/cm/cmex10.pfb><
/usr/local/texlive/2015/texmf-dist/fonts/type1/public/amsfonts/cm/cmmi10.pfb></
usr/local/texlive/2015/texmf-dist/fonts/type1/public/amsfonts/cm/cmmi12.pfb></u
sr/local/texlive/2015/texmf-dist/fonts/type1/public/amsfonts/cm/cmmi8.pfb></usr
/local/texlive/2015/texmf-dist/fonts/type1/public/amsfonts/cm/cmr10.pfb></usr/l
ocal/texlive/2015/texmf-dist/fonts/type1/public/amsfonts/cm/cmr12.pfb></usr/loc
al/texlive/2015/texmf-dist/fonts/type1/public/amsfonts/cm/cmr7.pfb></usr/local/
texlive/2015/texmf-dist/fonts/type1/public/amsfonts/cm/cmr8.pfb></usr/local/tex
live/2015/texmf-dist/fonts/type1/public/amsfonts/cm/cmsy10.pfb></usr/local/texl
ive/2015/texmf-dist/fonts/type1/public/amsfonts/cm/cmsy8.pfb></usr/local/texliv
e/2015/texmf-dist/fonts/type1/public/amsfonts/cm/cmti10.pfb></usr/local/texlive
/2015/texmf-dist/fonts/type1/public/amsfonts/cm/cmti12.pfb></usr/local/texlive/
2015/texmf-dist/fonts/type1/public/cm-super/sfrm0800.pfb></usr/local/texlive/20
15/texmf-dist/fonts/type1/public/cm-super/sfrm1200.pfb>
Output written on tesi.pdf (77 pages, 1799770 bytes).
PDF statistics:
 1168 PDF objects out of 1200 (max. 8388607)
 952 compressed objects within 10 object streams
 272 named destinations out of 1000 (max. 500000)
 489 words of extra memory for PDF output out of 10000 (max. 10000000)

